<?xml version="1.0" encoding="UTF-8"?>
<testsuite xmlns:xsi="http://www.w3.org/2001/XMLSchema-instance" xsi:noNamespaceSchemaLocation="https://maven.apache.org/surefire/maven-surefire-plugin/xsd/surefire-test-report.xsd" name="com.pengo.AppTest" time="0.031" tests="1" errors="0" skipped="0" failures="0">
  <properties>
    <property name="java.specification.version" value="18"/>
    <property name="sun.cpu.isalist" value="amd64"/>
    <property name="sun.jnu.encoding" value="Cp1252"/>
    <property name="java.class.path" value="C:\Users\hello2\pengo\target\test-classes;C:\Users\hello2\pengo\target\classes;C:\Users\hello2\.m2\repository\junit\junit\4.11\junit-4.11.jar;C:\Users\hello2\.m2\repository\org\hamcrest\hamcrest-core\1.3\hamcrest-core-1.3.jar;C:\Users\hello2\.m2\repository\org\webjars\angular-google-maps\2.3.2\angular-google-maps-2.3.2.jar;C:\Users\hello2\.m2\repository\org\webjars\angularjs\1.2.22\angularjs-1.2.22.jar;C:\Users\hello2\.m2\repository\org\webjars\lodash\2.4.1-6\lodash-2.4.1-6.jar;"/>
    <property name="java.vm.vendor" value="Oracle Corporation"/>
    <property name="sun.arch.data.model" value="64"/>
    <property name="user.variant" value=""/>
    <property name="java.vendor.url" value="https://java.oracle.com/"/>
    <property name="user.timezone" value="America/New_York"/>
    <property name="os.name" value="Windows 10"/>
    <property name="java.vm.specification.version" value="18"/>
    <property name="sun.java.launcher" value="SUN_STANDARD"/>
    <property name="user.country" value="US"/>
    <property name="sun.boot.library.path" value="C:\Program Files\Java\jdk-18.0.2.1\bin"/>
    <property name="sun.java.command" value="C:\Users\hello2\AppData\Local\Temp\surefire9490606249044417644\surefirebooter9449525371066207146.jar C:\Users\hello2\AppData\Local\Temp\surefire9490606249044417644 2023-04-02T18-30-46_348-jvmRun1 surefire17821281457180699326tmp surefire_07991609237271604535tmp"/>
    <property name="jdk.debug" value="release"/>
    <property name="surefire.test.class.path" value="C:\Users\hello2\pengo\target\test-classes;C:\Users\hello2\pengo\target\classes;C:\Users\hello2\.m2\repository\junit\junit\4.11\junit-4.11.jar;C:\Users\hello2\.m2\repository\org\hamcrest\hamcrest-core\1.3\hamcrest-core-1.3.jar;C:\Users\hello2\.m2\repository\org\webjars\angular-google-maps\2.3.2\angular-google-maps-2.3.2.jar;C:\Users\hello2\.m2\repository\org\webjars\angularjs\1.2.22\angularjs-1.2.22.jar;C:\Users\hello2\.m2\repository\org\webjars\lodash\2.4.1-6\lodash-2.4.1-6.jar;"/>
    <property name="sun.cpu.endian" value="little"/>
    <property name="user.home" value="C:\Users\hello2"/>
    <property name="user.language" value="en"/>
    <property name="java.specification.vendor" value="Oracle Corporation"/>
    <property name="java.version.date" value="2022-08-18"/>
    <property name="java.home" value="C:\Program Files\Java\jdk-18.0.2.1"/>
    <property name="file.separator" value="\"/>
    <property name="basedir" value="C:\Users\hello2\pengo"/>
    <property name="java.vm.compressedOopsMode" value="Zero based"/>
    <property name="line.separator" value="&#10;"/>
    <property name="java.vm.specification.vendor" value="Oracle Corporation"/>
    <property name="java.specification.name" value="Java Platform API Specification"/>
    <property name="surefire.real.class.path" value="C:\Users\hello2\AppData\Local\Temp\surefire9490606249044417644\surefirebooter9449525371066207146.jar"/>
    <property name="user.script" value=""/>
    <property name="sun.management.compiler" value="HotSpot 64-Bit Tiered Compilers"/>
    <property name="java.runtime.version" value="18.0.2.1+1-1"/>
    <property name="user.name" value="hello2"/>
    <property name="path.separator" value=";"/>
    <property name="os.version" value="10.0"/>
    <property name="java.runtime.name" value="Java(TM) SE Runtime Environment"/>
    <property name="file.encoding" value="UTF-8"/>
    <property name="java.vm.name" value="Java HotSpot(TM) 64-Bit Server VM"/>
    <property name="localRepository" value="C:\Users\hello2\.m2\repository"/>
    <property name="java.vendor.url.bug" value="https://bugreport.java.com/bugreport/"/>
    <property name="java.io.tmpdir" value="C:\Users\hello2\AppData\Local\Temp\"/>
    <property name="java.version" value="18.0.2.1"/>
    <property name="user.dir" value="C:\Users\hello2\pengo"/>
    <property name="os.arch" value="amd64"/>
    <property name="java.vm.specification.name" value="Java Virtual Machine Specification"/>
    <property name="sun.os.patch.level" value=""/>
    <property name="native.encoding" value="Cp1252"/>
    <property name="java.library.path" value="C:\Program Files\Java\jdk-18.0.2.1\bin;C:\Windows\Sun\Java\bin;C:\Windows\system32;C:\Windows;C:\Program Files\Common Files\Oracle\Java\javapath;C:\Binaries;C:\Software_19c\bin;C:\Windows\system32;C:\Windows;C:\Windows\System32\Wbem;C:\Windows\System32\WindowsPowerShell\v1.0\;C:\Windows\System32\OpenSSH\;C:\Program Files\PuTTY\;C:\Program Files\Amazon\AWSCLIV2\;C:\Program Files\Git\cmd;C:\terraform\terraform_1.3.7_windows_386;C:\Program Files\Java\jdk-18.0.2.1\bin;C:\Users\hello2\Downloads\apache-maven-3.9.0-bin\apache-maven-3.9.0\bin;C:\Users\hello2\anaconda3;C:\Users\hello2\anaconda3\Library\mingw-w64\bin;C:\Users\hello2\anaconda3\Library\usr\bin;C:\Users\hello2\anaconda3\Library\bin;C:\Users\hello2\anaconda3\Scripts;C:\Users\hello2\AppData\Local\Microsoft\WindowsApps;C:\Users\hello2\AppData\Local\Programs\Microsoft VS Code\bin;C:\Users\hello2\AppData\Local\gitkraken\bin;."/>
    <property name="java.vm.info" value="mixed mode, sharing"/>
    <property name="java.vendor" value="Oracle Corporation"/>
    <property name="java.vm.version" value="18.0.2.1+1-1"/>
    <property name="sun.io.unicode.encoding" value="UnicodeLittle"/>
    <property name="java.class.version" value="62.0"/>
  </properties>
  <testcase name="shouldAnswerWithTrue" classname="com.pengo.AppTest" time="0"/>
</testsuite>